<?xml version="1.0" encoding="UTF-8"?>
<testng-results ignored="0" total="1" passed="1" failed="0" skipped="0">
  <reporter-output>
  </reporter-output>
  <suite started-at="2023-01-20T05:32:41 PST" name="Default suite" finished-at="2023-01-20T05:33:15 PST" duration-ms="34194">
    <groups>
    </groups>
    <test started-at="2023-01-20T05:32:41 PST" name="Default test" finished-at="2023-01-20T05:33:15 PST" duration-ms="34194">
      <class name="Tests.TestUpdateDefualtCal">
        <test-method is-config="true" signature="setUp()[pri:0, instance:Tests.TestUpdateDefualtCal@18df8434]" started-at="2023-01-20T05:32:41 PST" name="setUp" finished-at="2023-01-20T05:32:47 PST" duration-ms="6130" status="PASS">
          <reporter-output>
          </reporter-output>
        </test-method> <!-- setUp -->
        <test-method signature="TestUpdateCalculator()[pri:0, instance:Tests.TestUpdateDefualtCal@18df8434]" started-at="2023-01-20T05:32:47 PST" name="TestUpdateCalculator" description="Test to update default calcultor value" finished-at="2023-01-20T05:33:15 PST" duration-ms="27958" status="PASS">
          <reporter-output>
          </reporter-output>
        </test-method> <!-- TestUpdateCalculator -->
        <test-method is-config="true" signature="tearDown()[pri:0, instance:Tests.TestUpdateDefualtCal@18df8434]" started-at="2023-01-20T05:33:15 PST" name="tearDown" finished-at="2023-01-20T05:33:15 PST" duration-ms="1" status="PASS">
          <reporter-output>
          </reporter-output>
        </test-method> <!-- tearDown -->
      </class> <!-- Tests.TestUpdateDefualtCal -->
    </test> <!-- Default test -->
  </suite> <!-- Default suite -->
</testng-results>
